-------------------------------------------------------------------------------
Test set: com.eohdigital.eohdigital.EohDigitalApplicationTests
-------------------------------------------------------------------------------
Tests run: 1, Failures: 0, Errors: 1, Skipped: 0, Time elapsed: 2.974 s <<< FAILURE! - in com.eohdigital.eohdigital.EohDigitalApplicationTests
contextLoads(com.eohdigital.eohdigital.EohDigitalApplicationTests)  Time elapsed: 0.004 s  <<< ERROR!
java.lang.IllegalStateException: Failed to load ApplicationContext
Caused by: org.springframework.beans.factory.BeanCreationException: Error creating bean with name 'entityManagerFactory' defined in class path resource [org/springframework/boot/autoconfigure/orm/jpa/HibernateJpaConfiguration.class]: Invocation of init method failed; nested exception is org.hibernate.AnnotationException: @Temporal should only be set on a java.util.Date or java.util.Calendar property: com.eohdigital.eohdigital.entities.Cic.cicTimeStamp
Caused by: org.hibernate.AnnotationException: @Temporal should only be set on a java.util.Date or java.util.Calendar property: com.eohdigital.eohdigital.entities.Cic.cicTimeStamp

